2026-01-09 04:06:08 | user=- | action=login | status=success
2026-01-09 04:07:40 | user=- | action=login | status=success
2026-01-08 14:40:13 | user=- | action=login | status=success
2026-01-09 13:28:51 | user=DESKTOP-SBRO8HJ$ | action=login | status=failed
2026-01-09 13:28:53 | user=DESKTOP-SBRO8HJ$ | action=login | status=failed
2026-01-09 13:28:54 | user=DESKTOP-SBRO8HJ$ | action=login | status=failed
2026-01-09 13:28:58 | user=DESKTOP-SBRO8HJ$ | action=login | status=failed
2026-01-09 13:29:00 | user=DESKTOP-SBRO8HJ$ | action=login | status=failed
2026-01-09 13:29:02 | user=DESKTOP-SBRO8HJ$ | action=login | status=failed
2026-01-09 13:33:17 | user=DESKTOP-SBRO8HJ$ | action=login | status=failed
2026-01-09 13:33:17 | user=DESKTOP-SBRO8HJ$ | action=login | status=failed
2026-01-09 13:34:06 | user=DESKTOP-SBRO8HJ$ | action=login | status=failed
2026-01-09 13:34:06 | user=DESKTOP-SBRO8HJ$ | action=login | status=failed
2026-01-09 13:34:18 | user=DESKTOP-SBRO8HJ$ | action=login | status=failed
2026-01-09 14:33:49 | user=testuser | action=login | status=success
2026-01-09 14:33:49 | user=testuser | action=login | status=success
2026-01-09 14:34:20 | user=DESKTOP-SBRO8HJ$ | action=login | status=failed
2026-01-09 21:13:54 | user=DESKTOP-SBRO8HJ$ | action=login | status=failed
2026-01-09 23:10:27 | user=DESKTOP-SBRO8HJ$ | action=login | status=failed
2026-01-09 23:11:01 | user=DESKTOP-SBRO8HJ$ | action=login | status=failed
2026-01-09 23:12:30 | user=DESKTOP-SBRO8HJ$ | action=login | status=failed
2026-01-09 23:13:21 | user=DESKTOP-SBRO8HJ$ | action=login | status=failed
2026-01-10 09:36:44 | user=DESKTOP-SBRO8HJ$ | action=login | status=failed
2026-01-10 09:36:48 | user=DESKTOP-SBRO8HJ$ | action=login | status=failed
2026-01-10 09:36:52 | user=DESKTOP-SBRO8HJ$ | action=login | status=failed
2026-01-10 09:36:58 | user=DESKTOP-SBRO8HJ$ | action=login | status=failed
2026-01-10 09:37:03 | user=DESKTOP-SBRO8HJ$ | action=login | status=failed
2026-01-10 09:37:07 | user=DESKTOP-SBRO8HJ$ | action=login | status=failed
2026-01-10 09:37:42 | user=DESKTOP-SBRO8HJ$ | action=login | status=failed
2026-01-10 09:56:18 | user=testuser | action=login | status=failed
2026-01-10 09:57:39 | user=testuser | action=login | status=success
2026-01-10 09:57:39 | user=testuser | action=login | status=success
2026-01-10 10:11:13 | user=DESKTOP-SBRO8HJ$ | action=login | status=failed
2026-01-10 10:11:17 | user=DESKTOP-SBRO8HJ$ | action=login | status=failed
2026-01-10 10:11:21 | user=DESKTOP-SBRO8HJ$ | action=login | status=failed
2026-01-10 10:11:24 | user=DESKTOP-SBRO8HJ$ | action=login | status=failed
2026-01-10 10:15:06 | user=DESKTOP-SBRO8HJ$ | action=login | status=failed
2026-01-10 10:15:09 | user=DESKTOP-SBRO8HJ$ | action=login | status=failed
2026-01-10 10:15:13 | user=DESKTOP-SBRO8HJ$ | action=login | status=failed
2026-01-10 10:15:16 | user=DESKTOP-SBRO8HJ$ | action=login | status=failed
2026-01-10 10:15:19 | user=DESKTOP-SBRO8HJ$ | action=login | status=failed
2026-01-11 14:31:21 | user=DESKTOP-SBRO8HJ$ | action=login | status=failed
2026-01-11 14:31:25 | user=DESKTOP-SBRO8HJ$ | action=login | status=failed
2026-01-11 15:16:01 | user=DESKTOP-SBRO8HJ$ | action=login | status=failed
2026-01-11 15:16:02 | user=DESKTOP-SBRO8HJ$ | action=login | status=failed
2026-01-11 15:16:02 | user=DESKTOP-SBRO8HJ$ | action=login | status=failed
2026-01-11 15:16:03 | user=DESKTOP-SBRO8HJ$ | action=login | status=failed
2026-01-11 15:16:03 | user=DESKTOP-SBRO8HJ$ | action=login | status=failed
2026-01-11 15:16:04 | user=DESKTOP-SBRO8HJ$ | action=login | status=failed
2026-01-11 17:23:09 | user=DESKTOP-SBRO8HJ$ | action=login | status=failed
2026-01-11 17:23:12 | user=DESKTOP-SBRO8HJ$ | action=login | status=failed
2026-01-11 17:23:14 | user=DESKTOP-SBRO8HJ$ | action=login | status=failed
2026-01-11 17:23:17 | user=DESKTOP-SBRO8HJ$ | action=login | status=failed
2026-01-11 17:28:11 | user=DESKTOP-SBRO8HJ$ | action=login | status=failed
2026-01-11 17:28:12 | user=DESKTOP-SBRO8HJ$ | action=login | status=failed
2026-01-11 17:28:13 | user=DESKTOP-SBRO8HJ$ | action=login | status=failed
2026-01-11 17:28:13 | user=DESKTOP-SBRO8HJ$ | action=login | status=failed
2026-01-11 17:28:14 | user=DESKTOP-SBRO8HJ$ | action=login | status=failed
2026-01-11 17:28:16 | user=DESKTOP-SBRO8HJ$ | action=login | status=failed
2026-01-11 17:28:50 | user=DESKTOP-SBRO8HJ$ | action=login | status=failed
2026-01-11 17:39:44 | user=- | action=login | status=success
2026-01-11 18:31:16 | user=DESKTOP-SBRO8HJ$ | action=login | status=failed
2026-01-11 18:31:17 | user=DESKTOP-SBRO8HJ$ | action=login | status=failed
2026-01-11 18:31:19 | user=DESKTOP-SBRO8HJ$ | action=login | status=failed
2026-01-11 18:31:20 | user=DESKTOP-SBRO8HJ$ | action=login | status=failed
2026-01-11 18:31:23 | user=DESKTOP-SBRO8HJ$ | action=login | status=failed
2026-01-11 18:39:05 | user=DESKTOP-SBRO8HJ$ | action=login | status=failed
2026-01-11 18:39:07 | user=DESKTOP-SBRO8HJ$ | action=login | status=failed
2026-01-11 18:39:08 | user=DESKTOP-SBRO8HJ$ | action=login | status=failed
2026-01-11 18:39:09 | user=DESKTOP-SBRO8HJ$ | action=login | status=failed
2026-01-11 18:39:11 | user=DESKTOP-SBRO8HJ$ | action=login | status=failed
2026-01-11 18:39:13 | user=DESKTOP-SBRO8HJ$ | action=login | status=failed
2026-01-11 18:46:00 | user=DESKTOP-SBRO8HJ$ | action=login | status=failed
2026-01-11 18:56:00 | user=DESKTOP-SBRO8HJ$ | action=login | status=failed
2026-01-11 18:56:03 | user=DESKTOP-SBRO8HJ$ | action=login | status=failed
2026-01-11 18:56:05 | user=DESKTOP-SBRO8HJ$ | action=login | status=failed
2026-01-11 18:56:07 | user=DESKTOP-SBRO8HJ$ | action=login | status=failed
2026-01-11 18:56:09 | user=DESKTOP-SBRO8HJ$ | action=login | status=failed
2026-01-11 18:56:12 | user=DESKTOP-SBRO8HJ$ | action=login | status=failed
2026-01-11 18:56:46 | user=DESKTOP-SBRO8HJ$ | action=login | status=failed
2026-01-11 18:57:21 | user=DESKTOP-SBRO8HJ$ | action=login | status=failed
2026-01-11 19:08:49 | user=DESKTOP-SBRO8HJ$ | action=login | status=failed
2026-01-11 19:08:51 | user=DESKTOP-SBRO8HJ$ | action=login | status=failed
2026-01-11 19:08:54 | user=DESKTOP-SBRO8HJ$ | action=login | status=failed
2026-01-11 19:11:09 | user=DESKTOP-SBRO8HJ$ | action=login | status=failed
2026-01-11 19:11:11 | user=DESKTOP-SBRO8HJ$ | action=login | status=failed
2026-01-11 19:11:14 | user=DESKTOP-SBRO8HJ$ | action=login | status=failed
2026-01-11 19:11:17 | user=DESKTOP-SBRO8HJ$ | action=login | status=failed
2026-01-11 19:11:21 | user=DESKTOP-SBRO8HJ$ | action=login | status=failed
2026-01-11 19:18:11 | user=DESKTOP-SBRO8HJ$ | action=login | status=failed
2026-01-11 19:18:14 | user=DESKTOP-SBRO8HJ$ | action=login | status=failed
2026-01-11 19:18:16 | user=DESKTOP-SBRO8HJ$ | action=login | status=failed
2026-01-11 19:18:22 | user=DESKTOP-SBRO8HJ$ | action=login | status=failed
2026-01-11 19:18:28 | user=DESKTOP-SBRO8HJ$ | action=login | status=failed
2026-01-11 19:21:03 | user=- | action=login | status=success
2026-01-11 19:21:11 | user=DESKTOP-SBRO8HJ$ | action=login | status=failed
2026-01-11 19:21:15 | user=DESKTOP-SBRO8HJ$ | action=login | status=failed
2026-01-11 19:21:19 | user=DESKTOP-SBRO8HJ$ | action=login | status=failed
2026-01-11 19:21:24 | user=DESKTOP-SBRO8HJ$ | action=login | status=failed
2026-01-11 19:21:28 | user=DESKTOP-SBRO8HJ$ | action=login | status=failed
2026-01-11 19:25:44 | user=DESKTOP-SBRO8HJ$ | action=login | status=failed
2026-01-11 19:25:48 | user=DESKTOP-SBRO8HJ$ | action=login | status=failed
2026-01-11 19:25:53 | user=DESKTOP-SBRO8HJ$ | action=login | status=failed
2026-01-11 19:25:55 | user=DESKTOP-SBRO8HJ$ | action=login | status=failed
2026-01-11 20:03:14 | user=DESKTOP-SBRO8HJ$ | action=login | status=failed
2026-01-11 20:03:17 | user=DESKTOP-SBRO8HJ$ | action=login | status=failed
2026-01-11 20:03:21 | user=DESKTOP-SBRO8HJ$ | action=login | status=failed
2026-01-11 20:03:26 | user=DESKTOP-SBRO8HJ$ | action=login | status=failed
2026-01-11 20:03:29 | user=DESKTOP-SBRO8HJ$ | action=login | status=failed
2026-01-11 20:03:34 | user=DESKTOP-SBRO8HJ$ | action=login | status=failed
2026-01-11 20:09:09 | user=SentinelSOC-Win10 | action=login | status=failed
2026-01-11 20:09:30 | user=SentinelSOC-Win10 | action=login | status=failed
2026-01-11 20:09:40 | user=SentinelSOC-Win10 | action=login | status=failed
2026-01-11 20:10:17 | user=SentinelSOC-Win10 | action=login | status=failed
2026-01-11 20:10:22 | user=SentinelSOC-Win10 | action=login | status=failed
2026-01-11 20:17:27 | user=DESKTOP-SBRO8HJ$ | action=login | status=failed
2026-01-11 20:17:33 | user=DESKTOP-SBRO8HJ$ | action=login | status=failed
2026-01-11 20:17:37 | user=DESKTOP-SBRO8HJ$ | action=login | status=failed
2026-01-11 20:17:41 | user=DESKTOP-SBRO8HJ$ | action=login | status=failed
2026-01-11 20:17:44 | user=DESKTOP-SBRO8HJ$ | action=login | status=failed
2026-01-11 20:17:50 | user=DESKTOP-SBRO8HJ$ | action=login | status=failed
2026-01-11 20:29:27 | user=DESKTOP-SBRO8HJ$ | action=login | status=failed
2026-01-11 20:29:29 | user=DESKTOP-SBRO8HJ$ | action=login | status=failed
2026-01-11 20:29:30 | user=DESKTOP-SBRO8HJ$ | action=login | status=failed
2026-01-11 20:29:32 | user=DESKTOP-SBRO8HJ$ | action=login | status=failed
2026-01-11 20:31:55 | user=DESKTOP-SBRO8HJ$ | action=login | status=failed
2026-01-11 20:31:58 | user=DESKTOP-SBRO8HJ$ | action=login | status=failed
2026-01-11 20:32:01 | user=DESKTOP-SBRO8HJ$ | action=login | status=failed
2026-01-11 21:30:18 | user=DESKTOP-SBRO8HJ$ | action=login | status=failed
2026-01-11 21:30:20 | user=DESKTOP-SBRO8HJ$ | action=login | status=failed
2026-01-11 21:30:23 | user=DESKTOP-SBRO8HJ$ | action=login | status=failed
2026-01-11 21:32:04 | user=DESKTOP-SBRO8HJ$ | action=login | status=failed
2026-01-11 21:32:06 | user=DESKTOP-SBRO8HJ$ | action=login | status=failed
2026-01-11 21:32:08 | user=DESKTOP-SBRO8HJ$ | action=login | status=failed
